<?xml version="1.0" encoding="UTF-8"?>
<testng-results skipped="0" failed="0" ignored="0" total="1" passed="1">
  <reporter-output>
  </reporter-output>
  <suite name="Suite" duration-ms="10162" started-at="2017-10-14T16:20:04Z" finished-at="2017-10-14T16:20:14Z">
    <groups>
    </groups>
    <test name="Test" duration-ms="10162" started-at="2017-10-14T16:20:04Z" finished-at="2017-10-14T16:20:14Z">
      <class name="grid.Login">
        <test-method status="PASS" signature="testA(java.lang.String, java.lang.String)[pri:0, instance:grid.Login@1810399e]" name="testA" duration-ms="10135" started-at="2017-10-14T21:50:04Z" finished-at="2017-10-14T21:50:14Z">
          <params>
            <param index="0">
              <value>
                <![CDATA[http://localhost:4444/wd/hub]]>
              </value>
            </param>
            <param index="1">
              <value>
                <![CDATA[chrome]]>
              </value>
            </param>
          </params>
          <reporter-output>
          </reporter-output>
        </test-method> <!-- testA -->
      </class> <!-- grid.Login -->
    </test> <!-- Test -->
  </suite> <!-- Suite -->
</testng-results>
